[26-Jun-2018 22:54:08 UTC] PHP Parse error:  syntax error, unexpected ')' in /home/ubuntu/workspace/cst336/hw/hw3/functions.php on line 3
[26-Jun-2018 22:54:08 UTC] PHP Stack trace:
[26-Jun-2018 22:54:08 UTC] PHP   1. {main}() /home/ubuntu/workspace/cst336/hw/hw3/index.php:0
[26-Jun-2018 22:56:19 UTC] PHP Parse error:  syntax error, unexpected 'echo' (T_ECHO), expecting ',' or ';' in /home/ubuntu/workspace/cst336/hw/hw3/functions.php on line 10
[26-Jun-2018 22:56:19 UTC] PHP Stack trace:
[26-Jun-2018 22:56:19 UTC] PHP   1. {main}() /home/ubuntu/workspace/cst336/hw/hw3/index.php:0
[26-Jun-2018 22:56:39 UTC] PHP Parse error:  syntax error, unexpected '<' in /home/ubuntu/workspace/cst336/hw/hw3/functions.php on line 38
[26-Jun-2018 22:56:39 UTC] PHP Stack trace:
[26-Jun-2018 22:56:39 UTC] PHP   1. {main}() /home/ubuntu/workspace/cst336/hw/hw3/index.php:0
[27-Jun-2018 22:43:57 UTC] PHP Parse error:  syntax error, unexpected '<' in /home/ubuntu/workspace/cst336/hw/hw3/functions.php on line 20
[27-Jun-2018 22:43:57 UTC] PHP Stack trace:
[27-Jun-2018 22:43:57 UTC] PHP   1. {main}() /home/ubuntu/workspace/cst336/hw/hw3/index.php:0
[28-Jun-2018 00:42:52 UTC] PHP Warning:  Invalid argument supplied for foreach() in /home/ubuntu/workspace/cst336/hw/hw3/functions.php on line 9
[28-Jun-2018 00:42:52 UTC] PHP Stack trace:
[28-Jun-2018 00:42:52 UTC] PHP   1. {main}() /home/ubuntu/workspace/cst336/hw/hw3/index.php:0
[28-Jun-2018 00:42:52 UTC] PHP   2. displayResults() /home/ubuntu/workspace/cst336/hw/hw3/index.php:12
[28-Jun-2018 00:46:39 UTC] PHP Warning:  Invalid argument supplied for foreach() in /home/ubuntu/workspace/cst336/hw/hw3/functions.php on line 9
[28-Jun-2018 00:46:39 UTC] PHP Stack trace:
[28-Jun-2018 00:46:39 UTC] PHP   1. {main}() /home/ubuntu/workspace/cst336/hw/hw3/index.php:0
[28-Jun-2018 00:46:39 UTC] PHP   2. displayResults() /home/ubuntu/workspace/cst336/hw/hw3/index.php:12
[28-Jun-2018 00:48:14 UTC] PHP Warning:  Invalid argument supplied for foreach() in /home/ubuntu/workspace/cst336/hw/hw3/functions.php on line 13
[28-Jun-2018 00:48:14 UTC] PHP Stack trace:
[28-Jun-2018 00:48:14 UTC] PHP   1. {main}() /home/ubuntu/workspace/cst336/hw/hw3/index.php:0
[28-Jun-2018 00:48:14 UTC] PHP   2. displayResults() /home/ubuntu/workspace/cst336/hw/hw3/index.php:12
[28-Jun-2018 22:07:48 UTC] PHP Warning:  Invalid argument supplied for foreach() in /home/ubuntu/workspace/cst336/hw/hw3.2/index.php on line 6
[28-Jun-2018 22:07:48 UTC] PHP Stack trace:
[28-Jun-2018 22:07:48 UTC] PHP   1. {main}() /home/ubuntu/workspace/cst336/hw/hw3.2/index.php:0
[28-Jun-2018 22:38:45 UTC] PHP Fatal error:  Call to undefined function displayResults() in /home/ubuntu/workspace/cst336/hw/hw3.2/index.php on line 95
[28-Jun-2018 22:38:45 UTC] PHP Stack trace:
[28-Jun-2018 22:38:45 UTC] PHP   1. {main}() /home/ubuntu/workspace/cst336/hw/hw3.2/index.php:0
[28-Jun-2018 22:39:13 UTC] PHP Fatal error:  Call to undefined function displayResults() in /home/ubuntu/workspace/cst336/hw/hw3.2/index.php on line 95
[28-Jun-2018 22:39:13 UTC] PHP Stack trace:
[28-Jun-2018 22:39:13 UTC] PHP   1. {main}() /home/ubuntu/workspace/cst336/hw/hw3.2/index.php:0
[30-Jun-2018 01:49:37 UTC] PHP Parse error:  syntax error, unexpected '","' (T_CONSTANT_ENCAPSED_STRING), expecting ',' or ';' in /home/ubuntu/workspace/cst336/hw/hw3/functions.php on line 5
[30-Jun-2018 01:49:37 UTC] PHP Stack trace:
[30-Jun-2018 01:49:37 UTC] PHP   1. {main}() /home/ubuntu/workspace/cst336/hw/hw3/index.php:0
