[04-Aug-2018 16:06:33 UTC] PHP Parse error:  syntax error, unexpected 'var' (T_VAR) in /home/ubuntu/workspace/cst336/final/superheroQuiz/index.php on line 12
[04-Aug-2018 16:07:23 UTC] PHP Parse error:  syntax error, unexpected 'var' (T_VAR) in /home/ubuntu/workspace/cst336/final/superheroQuiz/index.php on line 12
[04-Aug-2018 16:07:39 UTC] PHP Parse error:  syntax error, unexpected 'var' (T_VAR) in /home/ubuntu/workspace/cst336/final/superheroQuiz/index.php on line 12
[04-Aug-2018 16:08:42 UTC] PHP Parse error:  syntax error, unexpected 'var' (T_VAR) in /home/ubuntu/workspace/cst336/final/superheroQuiz/index.php on line 12
[04-Aug-2018 16:10:48 UTC] PHP Parse error:  syntax error, unexpected 'var' (T_VAR) in /home/ubuntu/workspace/cst336/final/superheroQuiz/index.php on line 12
[04-Aug-2018 16:11:13 UTC] PHP Parse error:  syntax error, unexpected 'var' (T_VAR) in /home/ubuntu/workspace/cst336/final/superheroQuiz/index.php on line 12
[04-Aug-2018 16:11:45 UTC] PHP Parse error:  syntax error, unexpected 'var' (T_VAR) in /home/ubuntu/workspace/cst336/final/superheroQuiz/index.php on line 12
[04-Aug-2018 16:15:43 UTC] PHP Parse error:  syntax error, unexpected 'var' (T_VAR) in /home/ubuntu/workspace/cst336/final/superheroQuiz/index.php on line 12
[04-Aug-2018 16:21:26 UTC] PHP Parse error:  syntax error, unexpected '"', expecting identifier (T_STRING) or variable (T_VARIABLE) or number (T_NUM_STRING) in /home/ubuntu/workspace/cst336/final/superheroQuiz/index.php on line 28
[04-Aug-2018 16:33:25 UTC] PHP Fatal error:  Call to a member function prepare() on a non-object in /home/ubuntu/workspace/cst336/final/superheroQuiz/index.php on line 38
[04-Aug-2018 16:33:25 UTC] PHP Stack trace:
[04-Aug-2018 16:33:25 UTC] PHP   1. {main}() /home/ubuntu/workspace/cst336/final/superheroQuiz/index.php:0
[04-Aug-2018 16:33:25 UTC] PHP   2. displayCategories() /home/ubuntu/workspace/cst336/final/superheroQuiz/index.php:131
[04-Aug-2018 16:43:00 UTC] PHP Parse error:  syntax error, unexpected 'for' (T_FOR) in /home/ubuntu/workspace/cst336/final/superheroQuiz/index.php on line 43
[04-Aug-2018 16:43:30 UTC] PHP Parse error:  syntax error, unexpected 'for' (T_FOR) in /home/ubuntu/workspace/cst336/final/superheroQuiz/index.php on line 43
[04-Aug-2018 16:47:42 UTC] PHP Warning:  include(connect.php): failed to open stream: No such file or directory in /home/ubuntu/workspace/cst336/final/superheroAPI/index.php on line 6
[04-Aug-2018 16:47:42 UTC] PHP Stack trace:
[04-Aug-2018 16:47:42 UTC] PHP   1. {main}() /home/ubuntu/workspace/cst336/final/superheroAPI/index.php:0
[04-Aug-2018 16:47:42 UTC] PHP Warning:  include(): Failed opening 'connect.php' for inclusion (include_path='.:/usr/share/php:/usr/share/pear') in /home/ubuntu/workspace/cst336/final/superheroAPI/index.php on line 6
[04-Aug-2018 16:47:42 UTC] PHP Stack trace:
[04-Aug-2018 16:47:42 UTC] PHP   1. {main}() /home/ubuntu/workspace/cst336/final/superheroAPI/index.php:0
[04-Aug-2018 16:47:42 UTC] PHP Fatal error:  Call to undefined function getDBConnection() in /home/ubuntu/workspace/cst336/final/superheroAPI/index.php on line 7
[04-Aug-2018 16:47:42 UTC] PHP Stack trace:
[04-Aug-2018 16:47:42 UTC] PHP   1. {main}() /home/ubuntu/workspace/cst336/final/superheroAPI/index.php:0
[04-Aug-2018 16:47:57 UTC] PHP Warning:  include(connect.php): failed to open stream: No such file or directory in /home/ubuntu/workspace/cst336/final/superheroAPI/index.php on line 6
[04-Aug-2018 16:47:57 UTC] PHP Stack trace:
[04-Aug-2018 16:47:57 UTC] PHP   1. {main}() /home/ubuntu/workspace/cst336/final/superheroAPI/index.php:0
[04-Aug-2018 16:47:57 UTC] PHP Warning:  include(): Failed opening 'connect.php' for inclusion (include_path='.:/usr/share/php:/usr/share/pear') in /home/ubuntu/workspace/cst336/final/superheroAPI/index.php on line 6
[04-Aug-2018 16:47:57 UTC] PHP Stack trace:
[04-Aug-2018 16:47:57 UTC] PHP   1. {main}() /home/ubuntu/workspace/cst336/final/superheroAPI/index.php:0
[04-Aug-2018 16:47:57 UTC] PHP Fatal error:  Call to undefined function getDBConnection() in /home/ubuntu/workspace/cst336/final/superheroAPI/index.php on line 7
[04-Aug-2018 16:47:57 UTC] PHP Stack trace:
[04-Aug-2018 16:47:57 UTC] PHP   1. {main}() /home/ubuntu/workspace/cst336/final/superheroAPI/index.php:0
[04-Aug-2018 17:07:46 UTC] PHP Parse error:  syntax error, unexpected '.', expecting variable (T_VARIABLE) or '$' in /home/ubuntu/workspace/cst336/final/superheroAPI/index.php on line 39
[04-Aug-2018 17:35:18 UTC] PHP Parse error:  syntax error, unexpected '$image' (T_VARIABLE), expecting ',' or ';' in /home/ubuntu/workspace/cst336/final/superheroQuiz/index.php on line 29
[04-Aug-2018 17:39:38 UTC] PHP Fatal error:  Call to undefined function random() in /home/ubuntu/workspace/cst336/final/superheroQuiz/index.php on line 12
[04-Aug-2018 17:39:38 UTC] PHP Stack trace:
[04-Aug-2018 17:39:38 UTC] PHP   1. {main}() /home/ubuntu/workspace/cst336/final/superheroQuiz/index.php:0
[04-Aug-2018 17:39:38 UTC] PHP   2. getSuperImg() /home/ubuntu/workspace/cst336/final/superheroQuiz/index.php:65
[04-Aug-2018 18:44:56 UTC] PHP Parse error:  syntax error, unexpected '.', expecting variable (T_VARIABLE) or '$' in /home/ubuntu/workspace/cst336/final/superheroAPI/index.php on line 39
[04-Aug-2018 18:50:03 UTC] PHP Parse error:  syntax error, unexpected '}' in /home/ubuntu/workspace/cst336/final/superheroAPI/index.php on line 53
