[23-Jun-2018 23:44:07 UTC] PHP Fatal error:  Call to undefined function displayResults() in /home/ubuntu/workspace/cst336/labs/lab4/scart/index.php on line 60
[23-Jun-2018 23:44:07 UTC] PHP Stack trace:
[23-Jun-2018 23:44:07 UTC] PHP   1. {main}() /home/ubuntu/workspace/cst336/labs/lab4/scart/index.php:0
[23-Jun-2018 23:48:27 UTC] PHP Fatal error:  Call to undefined function displayResults() in /home/ubuntu/workspace/cst336/labs/lab4/scart/index.php on line 60
[23-Jun-2018 23:48:27 UTC] PHP Stack trace:
[23-Jun-2018 23:48:27 UTC] PHP   1. {main}() /home/ubuntu/workspace/cst336/labs/lab4/scart/index.php:0
[23-Jun-2018 23:49:46 UTC] PHP Fatal error:  Call to undefined function displayResults() in /home/ubuntu/workspace/cst336/labs/lab4/scart/index.php on line 60
[23-Jun-2018 23:49:46 UTC] PHP Stack trace:
[23-Jun-2018 23:49:46 UTC] PHP   1. {main}() /home/ubuntu/workspace/cst336/labs/lab4/scart/index.php:0
[23-Jun-2018 23:58:29 UTC] PHP Fatal error:  Call to undefined function displayResults() in /home/ubuntu/workspace/cst336/labs/lab4/scart/index.php on line 60
[23-Jun-2018 23:58:29 UTC] PHP Stack trace:
[23-Jun-2018 23:58:29 UTC] PHP   1. {main}() /home/ubuntu/workspace/cst336/labs/lab4/scart/index.php:0
[23-Jun-2018 23:58:38 UTC] PHP Fatal error:  Call to undefined function displayResults() in /home/ubuntu/workspace/cst336/labs/lab4/scart/index.php on line 60
[23-Jun-2018 23:58:38 UTC] PHP Stack trace:
[23-Jun-2018 23:58:38 UTC] PHP   1. {main}() /home/ubuntu/workspace/cst336/labs/lab4/scart/index.php:0
[24-Jun-2018 00:01:06 UTC] PHP Fatal error:  Call to undefined function displayResults() in /home/ubuntu/workspace/cst336/labs/lab4/scart/index.php on line 60
[24-Jun-2018 00:01:06 UTC] PHP Stack trace:
[24-Jun-2018 00:01:06 UTC] PHP   1. {main}() /home/ubuntu/workspace/cst336/labs/lab4/scart/index.php:0
[24-Jun-2018 00:01:11 UTC] PHP Fatal error:  Call to undefined function displayResults() in /home/ubuntu/workspace/cst336/labs/lab4/scart/index.php on line 60
[24-Jun-2018 00:01:11 UTC] PHP Stack trace:
[24-Jun-2018 00:01:11 UTC] PHP   1. {main}() /home/ubuntu/workspace/cst336/labs/lab4/scart/index.php:0
[24-Jun-2018 00:01:27 UTC] PHP Fatal error:  Call to undefined function displayResults() in /home/ubuntu/workspace/cst336/labs/lab4/scart/index.php on line 60
[24-Jun-2018 00:01:27 UTC] PHP Stack trace:
[24-Jun-2018 00:01:27 UTC] PHP   1. {main}() /home/ubuntu/workspace/cst336/labs/lab4/scart/index.php:0
[24-Jun-2018 00:01:54 UTC] PHP Fatal error:  Call to undefined function displayResults() in /home/ubuntu/workspace/cst336/labs/lab4/scart/index.php on line 61
[24-Jun-2018 00:01:54 UTC] PHP Stack trace:
[24-Jun-2018 00:01:54 UTC] PHP   1. {main}() /home/ubuntu/workspace/cst336/labs/lab4/scart/index.php:0
[24-Jun-2018 00:09:59 UTC] PHP Warning:  include(scart/wmapi.php): failed to open stream: No such file or directory in /home/ubuntu/workspace/cst336/labs/lab4/scart/index.php on line 12
[24-Jun-2018 00:09:59 UTC] PHP Stack trace:
[24-Jun-2018 00:09:59 UTC] PHP   1. {main}() /home/ubuntu/workspace/cst336/labs/lab4/scart/index.php:0
[24-Jun-2018 00:09:59 UTC] PHP Warning:  include(): Failed opening 'scart/wmapi.php' for inclusion (include_path='.:/usr/share/php:/usr/share/pear') in /home/ubuntu/workspace/cst336/labs/lab4/scart/index.php on line 12
[24-Jun-2018 00:09:59 UTC] PHP Stack trace:
[24-Jun-2018 00:09:59 UTC] PHP   1. {main}() /home/ubuntu/workspace/cst336/labs/lab4/scart/index.php:0
[24-Jun-2018 00:09:59 UTC] PHP Fatal error:  Call to undefined function getProducts() in /home/ubuntu/workspace/cst336/labs/lab4/scart/index.php on line 13
[24-Jun-2018 00:09:59 UTC] PHP Stack trace:
[24-Jun-2018 00:09:59 UTC] PHP   1. {main}() /home/ubuntu/workspace/cst336/labs/lab4/scart/index.php:0
[24-Jun-2018 00:10:30 UTC] PHP Fatal error:  Call to undefined function displayResults() in /home/ubuntu/workspace/cst336/labs/lab4/scart/index.php on line 60
[24-Jun-2018 00:10:30 UTC] PHP Stack trace:
[24-Jun-2018 00:10:30 UTC] PHP   1. {main}() /home/ubuntu/workspace/cst336/labs/lab4/scart/index.php:0
[24-Jun-2018 00:21:33 UTC] PHP Parse error:  syntax error, unexpected '{' in /home/ubuntu/workspace/cst336/labs/lab4/scart/functions.php on line 2
[24-Jun-2018 00:21:33 UTC] PHP Stack trace:
[24-Jun-2018 00:21:33 UTC] PHP   1. {main}() /home/ubuntu/workspace/cst336/labs/lab4/scart/index.php:0
[24-Jun-2018 22:16:27 UTC] PHP Warning:  Illegal string offset 'name' in /home/ubuntu/workspace/cst336/labs/lab4/scart/functions.php on line 43
[24-Jun-2018 22:16:27 UTC] PHP Stack trace:
[24-Jun-2018 22:16:27 UTC] PHP   1. {main}() /home/ubuntu/workspace/cst336/labs/lab4/scart/scart.php:0
[24-Jun-2018 22:16:27 UTC] PHP   2. displayCart() /home/ubuntu/workspace/cst336/labs/lab4/scart/scart.php:10
[24-Jun-2018 22:16:27 UTC] PHP Warning:  Illegal string offset 'price' in /home/ubuntu/workspace/cst336/labs/lab4/scart/functions.php on line 44
[24-Jun-2018 22:16:27 UTC] PHP Stack trace:
[24-Jun-2018 22:16:27 UTC] PHP   1. {main}() /home/ubuntu/workspace/cst336/labs/lab4/scart/scart.php:0
[24-Jun-2018 22:16:27 UTC] PHP   2. displayCart() /home/ubuntu/workspace/cst336/labs/lab4/scart/scart.php:10
[24-Jun-2018 22:16:27 UTC] PHP Warning:  Illegal string offset 'image' in /home/ubuntu/workspace/cst336/labs/lab4/scart/functions.php on line 45
[24-Jun-2018 22:16:27 UTC] PHP Stack trace:
[24-Jun-2018 22:16:27 UTC] PHP   1. {main}() /home/ubuntu/workspace/cst336/labs/lab4/scart/scart.php:0
[24-Jun-2018 22:16:27 UTC] PHP   2. displayCart() /home/ubuntu/workspace/cst336/labs/lab4/scart/scart.php:10
[24-Jun-2018 22:16:27 UTC] PHP Warning:  Illegal string offset 'id' in /home/ubuntu/workspace/cst336/labs/lab4/scart/functions.php on line 46
[24-Jun-2018 22:16:27 UTC] PHP Stack trace:
[24-Jun-2018 22:16:27 UTC] PHP   1. {main}() /home/ubuntu/workspace/cst336/labs/lab4/scart/scart.php:0
[24-Jun-2018 22:16:27 UTC] PHP   2. displayCart() /home/ubuntu/workspace/cst336/labs/lab4/scart/scart.php:10
