[22-Jul-2018 23:53:10 UTC] PHP Warning:  include(../dbConnection.php): failed to open stream: No such file or directory in /home/ubuntu/workspace/cst336/labs/petShelter/api/getPetInfo.php on line 3
[22-Jul-2018 23:53:10 UTC] PHP Stack trace:
[22-Jul-2018 23:53:10 UTC] PHP   1. {main}() /home/ubuntu/workspace/cst336/labs/petShelter/api/getPetInfo.php:0
[22-Jul-2018 23:53:10 UTC] PHP Warning:  include(): Failed opening '../dbConnection.php' for inclusion (include_path='.:/usr/share/php:/usr/share/pear') in /home/ubuntu/workspace/cst336/labs/petShelter/api/getPetInfo.php on line 3
[22-Jul-2018 23:53:10 UTC] PHP Stack trace:
[22-Jul-2018 23:53:10 UTC] PHP   1. {main}() /home/ubuntu/workspace/cst336/labs/petShelter/api/getPetInfo.php:0
[22-Jul-2018 23:53:10 UTC] PHP Fatal error:  Call to undefined function getDatabaseConnection() in /home/ubuntu/workspace/cst336/labs/petShelter/api/getPetInfo.php on line 4
[22-Jul-2018 23:53:10 UTC] PHP Stack trace:
[22-Jul-2018 23:53:10 UTC] PHP   1. {main}() /home/ubuntu/workspace/cst336/labs/petShelter/api/getPetInfo.php:0
[22-Jul-2018 23:53:52 UTC] PHP Warning:  include(../dbConnection.php): failed to open stream: No such file or directory in /home/ubuntu/workspace/cst336/labs/petShelter/api/getPetInfo.php on line 3
[22-Jul-2018 23:53:52 UTC] PHP Stack trace:
[22-Jul-2018 23:53:52 UTC] PHP   1. {main}() /home/ubuntu/workspace/cst336/labs/petShelter/api/getPetInfo.php:0
[22-Jul-2018 23:53:52 UTC] PHP Warning:  include(): Failed opening '../dbConnection.php' for inclusion (include_path='.:/usr/share/php:/usr/share/pear') in /home/ubuntu/workspace/cst336/labs/petShelter/api/getPetInfo.php on line 3
[22-Jul-2018 23:53:52 UTC] PHP Stack trace:
[22-Jul-2018 23:53:52 UTC] PHP   1. {main}() /home/ubuntu/workspace/cst336/labs/petShelter/api/getPetInfo.php:0
[22-Jul-2018 23:53:52 UTC] PHP Fatal error:  Call to undefined function getDatabaseConnection() in /home/ubuntu/workspace/cst336/labs/petShelter/api/getPetInfo.php on line 4
[22-Jul-2018 23:53:52 UTC] PHP Stack trace:
[22-Jul-2018 23:53:52 UTC] PHP   1. {main}() /home/ubuntu/workspace/cst336/labs/petShelter/api/getPetInfo.php:0
[22-Jul-2018 23:54:49 UTC] PHP Warning:  include(../dbConnection.php): failed to open stream: No such file or directory in /home/ubuntu/workspace/cst336/labs/petShelter/api/getPetInfo.php on line 3
[22-Jul-2018 23:54:49 UTC] PHP Stack trace:
[22-Jul-2018 23:54:49 UTC] PHP   1. {main}() /home/ubuntu/workspace/cst336/labs/petShelter/api/getPetInfo.php:0
[22-Jul-2018 23:54:49 UTC] PHP Warning:  include(): Failed opening '../dbConnection.php' for inclusion (include_path='.:/usr/share/php:/usr/share/pear') in /home/ubuntu/workspace/cst336/labs/petShelter/api/getPetInfo.php on line 3
[22-Jul-2018 23:54:49 UTC] PHP Stack trace:
[22-Jul-2018 23:54:49 UTC] PHP   1. {main}() /home/ubuntu/workspace/cst336/labs/petShelter/api/getPetInfo.php:0
[22-Jul-2018 23:54:49 UTC] PHP Fatal error:  Call to undefined function getDatabaseConnection() in /home/ubuntu/workspace/cst336/labs/petShelter/api/getPetInfo.php on line 4
[22-Jul-2018 23:54:49 UTC] PHP Stack trace:
[22-Jul-2018 23:54:49 UTC] PHP   1. {main}() /home/ubuntu/workspace/cst336/labs/petShelter/api/getPetInfo.php:0
[22-Jul-2018 23:55:00 UTC] PHP Warning:  include(../dbConnection.php): failed to open stream: No such file or directory in /home/ubuntu/workspace/cst336/labs/petShelter/api/getPetInfo.php on line 3
[22-Jul-2018 23:55:00 UTC] PHP Stack trace:
[22-Jul-2018 23:55:00 UTC] PHP   1. {main}() /home/ubuntu/workspace/cst336/labs/petShelter/api/getPetInfo.php:0
[22-Jul-2018 23:55:00 UTC] PHP Warning:  include(): Failed opening '../dbConnection.php' for inclusion (include_path='.:/usr/share/php:/usr/share/pear') in /home/ubuntu/workspace/cst336/labs/petShelter/api/getPetInfo.php on line 3
[22-Jul-2018 23:55:00 UTC] PHP Stack trace:
[22-Jul-2018 23:55:00 UTC] PHP   1. {main}() /home/ubuntu/workspace/cst336/labs/petShelter/api/getPetInfo.php:0
[22-Jul-2018 23:55:00 UTC] PHP Fatal error:  Call to undefined function getDatabaseConnection() in /home/ubuntu/workspace/cst336/labs/petShelter/api/getPetInfo.php on line 4
[22-Jul-2018 23:55:00 UTC] PHP Stack trace:
[22-Jul-2018 23:55:00 UTC] PHP   1. {main}() /home/ubuntu/workspace/cst336/labs/petShelter/api/getPetInfo.php:0
[22-Jul-2018 23:55:02 UTC] PHP Warning:  include(../dbConnection.php): failed to open stream: No such file or directory in /home/ubuntu/workspace/cst336/labs/petShelter/api/getPetInfo.php on line 3
[22-Jul-2018 23:55:02 UTC] PHP Stack trace:
[22-Jul-2018 23:55:02 UTC] PHP   1. {main}() /home/ubuntu/workspace/cst336/labs/petShelter/api/getPetInfo.php:0
[22-Jul-2018 23:55:02 UTC] PHP Warning:  include(): Failed opening '../dbConnection.php' for inclusion (include_path='.:/usr/share/php:/usr/share/pear') in /home/ubuntu/workspace/cst336/labs/petShelter/api/getPetInfo.php on line 3
[22-Jul-2018 23:55:02 UTC] PHP Stack trace:
[22-Jul-2018 23:55:02 UTC] PHP   1. {main}() /home/ubuntu/workspace/cst336/labs/petShelter/api/getPetInfo.php:0
[22-Jul-2018 23:55:02 UTC] PHP Fatal error:  Call to undefined function getDatabaseConnection() in /home/ubuntu/workspace/cst336/labs/petShelter/api/getPetInfo.php on line 4
[22-Jul-2018 23:55:02 UTC] PHP Stack trace:
[22-Jul-2018 23:55:02 UTC] PHP   1. {main}() /home/ubuntu/workspace/cst336/labs/petShelter/api/getPetInfo.php:0
[22-Jul-2018 23:58:31 UTC] PHP Warning:  include(/dbConnection.php): failed to open stream: No such file or directory in /home/ubuntu/workspace/cst336/labs/petShelter/api/getPetInfo.php on line 3
[22-Jul-2018 23:58:31 UTC] PHP Stack trace:
[22-Jul-2018 23:58:31 UTC] PHP   1. {main}() /home/ubuntu/workspace/cst336/labs/petShelter/api/getPetInfo.php:0
[22-Jul-2018 23:58:31 UTC] PHP Warning:  include(): Failed opening '/dbConnection.php' for inclusion (include_path='.:/usr/share/php:/usr/share/pear') in /home/ubuntu/workspace/cst336/labs/petShelter/api/getPetInfo.php on line 3
[22-Jul-2018 23:58:31 UTC] PHP Stack trace:
[22-Jul-2018 23:58:31 UTC] PHP   1. {main}() /home/ubuntu/workspace/cst336/labs/petShelter/api/getPetInfo.php:0
[22-Jul-2018 23:58:31 UTC] PHP Fatal error:  Call to undefined function getDatabaseConnection() in /home/ubuntu/workspace/cst336/labs/petShelter/api/getPetInfo.php on line 4
[22-Jul-2018 23:58:31 UTC] PHP Stack trace:
[22-Jul-2018 23:58:31 UTC] PHP   1. {main}() /home/ubuntu/workspace/cst336/labs/petShelter/api/getPetInfo.php:0
[22-Jul-2018 23:58:49 UTC] PHP Warning:  include(dbConnection.php): failed to open stream: No such file or directory in /home/ubuntu/workspace/cst336/labs/petShelter/api/getPetInfo.php on line 3
[22-Jul-2018 23:58:49 UTC] PHP Stack trace:
[22-Jul-2018 23:58:49 UTC] PHP   1. {main}() /home/ubuntu/workspace/cst336/labs/petShelter/api/getPetInfo.php:0
[22-Jul-2018 23:58:49 UTC] PHP Warning:  include(): Failed opening 'dbConnection.php' for inclusion (include_path='.:/usr/share/php:/usr/share/pear') in /home/ubuntu/workspace/cst336/labs/petShelter/api/getPetInfo.php on line 3
[22-Jul-2018 23:58:49 UTC] PHP Stack trace:
[22-Jul-2018 23:58:49 UTC] PHP   1. {main}() /home/ubuntu/workspace/cst336/labs/petShelter/api/getPetInfo.php:0
[22-Jul-2018 23:58:49 UTC] PHP Fatal error:  Call to undefined function getDatabaseConnection() in /home/ubuntu/workspace/cst336/labs/petShelter/api/getPetInfo.php on line 4
[22-Jul-2018 23:58:49 UTC] PHP Stack trace:
[22-Jul-2018 23:58:49 UTC] PHP   1. {main}() /home/ubuntu/workspace/cst336/labs/petShelter/api/getPetInfo.php:0
[23-Jul-2018 00:05:51 UTC] PHP Warning:  include(dbConnection.php): failed to open stream: No such file or directory in /home/ubuntu/workspace/cst336/labs/petShelter/api/getPetInfo.php on line 3
[23-Jul-2018 00:05:51 UTC] PHP Stack trace:
[23-Jul-2018 00:05:51 UTC] PHP   1. {main}() /home/ubuntu/workspace/cst336/labs/petShelter/api/getPetInfo.php:0
[23-Jul-2018 00:05:51 UTC] PHP Warning:  include(): Failed opening 'dbConnection.php' for inclusion (include_path='.:/usr/share/php:/usr/share/pear') in /home/ubuntu/workspace/cst336/labs/petShelter/api/getPetInfo.php on line 3
[23-Jul-2018 00:05:51 UTC] PHP Stack trace:
[23-Jul-2018 00:05:51 UTC] PHP   1. {main}() /home/ubuntu/workspace/cst336/labs/petShelter/api/getPetInfo.php:0
[23-Jul-2018 00:05:51 UTC] PHP Fatal error:  Call to undefined function getDatabaseConnection() in /home/ubuntu/workspace/cst336/labs/petShelter/api/getPetInfo.php on line 4
[23-Jul-2018 00:05:51 UTC] PHP Stack trace:
[23-Jul-2018 00:05:51 UTC] PHP   1. {main}() /home/ubuntu/workspace/cst336/labs/petShelter/api/getPetInfo.php:0
[23-Jul-2018 00:07:26 UTC] PHP Warning:  include(dbConnection.php): failed to open stream: No such file or directory in /home/ubuntu/workspace/cst336/labs/petShelter/api/getPetInfo.php on line 3
[23-Jul-2018 00:07:26 UTC] PHP Stack trace:
[23-Jul-2018 00:07:26 UTC] PHP   1. {main}() /home/ubuntu/workspace/cst336/labs/petShelter/api/getPetInfo.php:0
[23-Jul-2018 00:07:26 UTC] PHP Warning:  include(): Failed opening 'dbConnection.php' for inclusion (include_path='.:/usr/share/php:/usr/share/pear') in /home/ubuntu/workspace/cst336/labs/petShelter/api/getPetInfo.php on line 3
[23-Jul-2018 00:07:26 UTC] PHP Stack trace:
[23-Jul-2018 00:07:26 UTC] PHP   1. {main}() /home/ubuntu/workspace/cst336/labs/petShelter/api/getPetInfo.php:0
[23-Jul-2018 00:07:26 UTC] PHP Fatal error:  Call to undefined function getDatabaseConnection() in /home/ubuntu/workspace/cst336/labs/petShelter/api/getPetInfo.php on line 4
[23-Jul-2018 00:07:26 UTC] PHP Stack trace:
[23-Jul-2018 00:07:26 UTC] PHP   1. {main}() /home/ubuntu/workspace/cst336/labs/petShelter/api/getPetInfo.php:0
